{"C:\\Dev\\Projects\\movierental-api\\src\\common\\error.js": {"path":"C:\\Dev\\Projects\\movierental-api\\src\\common\\error.js","statementMap":{"0":{"start":{"line":1,"column":0},"end":{"line":6,"column":1}},"1":{"start":{"line":2,"column":4},"end":{"line":5,"column":6}}},"fnMap":{"0":{"name":"(anonymous_0)","decl":{"start":{"line":1,"column":22},"end":{"line":1,"column":23}},"loc":{"start":{"line":1,"column":48},"end":{"line":6,"column":1}},"line":1}},"branchMap":{},"s":{"0":1,"1":0},"f":{"0":0},"b":{},"_coverageSchema":"43e27e138ebf9cfc5966b082cf9a028302ed4184","hash":"ceb96564fda1f73fb980fdd1374bddf51fa4f22e"}
,"C:\\Dev\\Projects\\movierental-api\\src\\middlewares\\admin.js": {"path":"C:\\Dev\\Projects\\movierental-api\\src\\middlewares\\admin.js","statementMap":{"0":{"start":{"line":1,"column":0},"end":{"line":9,"column":1}},"1":{"start":{"line":2,"column":2},"end":{"line":6,"column":3}},"2":{"start":{"line":3,"column":4},"end":{"line":5,"column":6}},"3":{"start":{"line":8,"column":2},"end":{"line":8,"column":8}}},"fnMap":{"0":{"name":"(anonymous_0)","decl":{"start":{"line":1,"column":17},"end":{"line":1,"column":18}},"loc":{"start":{"line":1,"column":43},"end":{"line":9,"column":1}},"line":1}},"branchMap":{"0":{"loc":{"start":{"line":2,"column":2},"end":{"line":6,"column":3}},"type":"if","locations":[{"start":{"line":2,"column":2},"end":{"line":6,"column":3}},{"start":{"line":2,"column":2},"end":{"line":6,"column":3}}],"line":2}},"s":{"0":1,"1":0,"2":0,"3":0},"f":{"0":0},"b":{"0":[0,0]},"_coverageSchema":"43e27e138ebf9cfc5966b082cf9a028302ed4184","hash":"047dd4c72d94bcc14ea61da29b6c8523404c0f0c"}
,"C:\\Dev\\Projects\\movierental-api\\src\\middlewares\\auth.js": {"path":"C:\\Dev\\Projects\\movierental-api\\src\\middlewares\\auth.js","statementMap":{"0":{"start":{"line":1,"column":12},"end":{"line":1,"column":35}},"1":{"start":{"line":2,"column":15},"end":{"line":2,"column":32}},"2":{"start":{"line":4,"column":0},"end":{"line":12,"column":1}},"3":{"start":{"line":5,"column":16},"end":{"line":5,"column":42}},"4":{"start":{"line":6,"column":2},"end":{"line":7,"column":77}},"5":{"start":{"line":7,"column":4},"end":{"line":7,"column":77}},"6":{"start":{"line":9,"column":18},"end":{"line":9,"column":64}},"7":{"start":{"line":10,"column":2},"end":{"line":10,"column":20}},"8":{"start":{"line":11,"column":2},"end":{"line":11,"column":8}}},"fnMap":{"0":{"name":"auth","decl":{"start":{"line":4,"column":26},"end":{"line":4,"column":30}},"loc":{"start":{"line":4,"column":47},"end":{"line":12,"column":1}},"line":4}},"branchMap":{"0":{"loc":{"start":{"line":6,"column":2},"end":{"line":7,"column":77}},"type":"if","locations":[{"start":{"line":6,"column":2},"end":{"line":7,"column":77}},{"start":{"line":6,"column":2},"end":{"line":7,"column":77}}],"line":6}},"s":{"0":1,"1":1,"2":1,"3":4,"4":4,"5":1,"6":3,"7":3,"8":3},"f":{"0":4},"b":{"0":[1,3]},"_coverageSchema":"43e27e138ebf9cfc5966b082cf9a028302ed4184","hash":"628829237b679216eb7d800a8e5041be15e8dbcd"}
,"C:\\Dev\\Projects\\movierental-api\\src\\middlewares\\error.js": {"path":"C:\\Dev\\Projects\\movierental-api\\src\\middlewares\\error.js","statementMap":{"0":{"start":{"line":1,"column":15},"end":{"line":1,"column":43}},"1":{"start":{"line":4,"column":0},"end":{"line":28,"column":2}},"2":{"start":{"line":6,"column":2},"end":{"line":6,"column":31}},"3":{"start":{"line":7,"column":2},"end":{"line":11,"column":3}},"4":{"start":{"line":8,"column":4},"end":{"line":10,"column":6}},"5":{"start":{"line":13,"column":2},"end":{"line":17,"column":3}},"6":{"start":{"line":14,"column":4},"end":{"line":16,"column":6}},"7":{"start":{"line":19,"column":2},"end":{"line":23,"column":3}},"8":{"start":{"line":20,"column":4},"end":{"line":22,"column":6}},"9":{"start":{"line":25,"column":2},"end":{"line":27,"column":5}}},"fnMap":{"0":{"name":"(anonymous_0)","decl":{"start":{"line":4,"column":17},"end":{"line":4,"column":18}},"loc":{"start":{"line":4,"column":47},"end":{"line":28,"column":1}},"line":4}},"branchMap":{"0":{"loc":{"start":{"line":7,"column":2},"end":{"line":11,"column":3}},"type":"if","locations":[{"start":{"line":7,"column":2},"end":{"line":11,"column":3}},{"start":{"line":7,"column":2},"end":{"line":11,"column":3}}],"line":7},"1":{"loc":{"start":{"line":7,"column":6},"end":{"line":7,"column":101}},"type":"binary-expr","locations":[{"start":{"line":7,"column":6},"end":{"line":7,"column":50}},{"start":{"line":7,"column":54},"end":{"line":7,"column":101}}],"line":7},"2":{"loc":{"start":{"line":13,"column":2},"end":{"line":17,"column":3}},"type":"if","locations":[{"start":{"line":13,"column":2},"end":{"line":17,"column":3}},{"start":{"line":13,"column":2},"end":{"line":17,"column":3}}],"line":13},"3":{"loc":{"start":{"line":19,"column":2},"end":{"line":23,"column":3}},"type":"if","locations":[{"start":{"line":19,"column":2},"end":{"line":23,"column":3}},{"start":{"line":19,"column":2},"end":{"line":23,"column":3}}],"line":19}},"s":{"0":1,"1":1,"2":4,"3":4,"4":2,"5":2,"6":1,"7":1,"8":1,"9":0},"f":{"0":4},"b":{"0":[2,2],"1":[4,4],"2":[1,1],"3":[1,0]},"_coverageSchema":"43e27e138ebf9cfc5966b082cf9a028302ed4184","hash":"bef963b54767d67b28f52cd482c1f58706331fdb"}
,"C:\\Dev\\Projects\\movierental-api\\src\\middlewares\\validateObjectId.js": {"path":"C:\\Dev\\Projects\\movierental-api\\src\\middlewares\\validateObjectId.js","statementMap":{"0":{"start":{"line":1,"column":17},"end":{"line":1,"column":36}},"1":{"start":{"line":3,"column":0},"end":{"line":8,"column":1}},"2":{"start":{"line":4,"column":2},"end":{"line":6,"column":3}},"3":{"start":{"line":5,"column":4},"end":{"line":5,"column":35}},"4":{"start":{"line":7,"column":2},"end":{"line":7,"column":8}}},"fnMap":{"0":{"name":"(anonymous_0)","decl":{"start":{"line":3,"column":17},"end":{"line":3,"column":18}},"loc":{"start":{"line":3,"column":43},"end":{"line":8,"column":1}},"line":3}},"branchMap":{"0":{"loc":{"start":{"line":4,"column":2},"end":{"line":6,"column":3}},"type":"if","locations":[{"start":{"line":4,"column":2},"end":{"line":6,"column":3}},{"start":{"line":4,"column":2},"end":{"line":6,"column":3}}],"line":4}},"s":{"0":1,"1":1,"2":2,"3":1,"4":1},"f":{"0":2},"b":{"0":[1,1]},"_coverageSchema":"43e27e138ebf9cfc5966b082cf9a028302ed4184","hash":"525414dba836dc1f56e0409fefdb56c32ce2fbaf"}
,"C:\\Dev\\Projects\\movierental-api\\src\\models\\customer.js": {"path":"C:\\Dev\\Projects\\movierental-api\\src\\models\\customer.js","statementMap":{"0":{"start":{"line":1,"column":17},"end":{"line":1,"column":36}},"1":{"start":{"line":2,"column":12},"end":{"line":2,"column":26}},"2":{"start":{"line":4,"column":23},"end":{"line":21,"column":2}},"3":{"start":{"line":23,"column":17},"end":{"line":23,"column":59}},"4":{"start":{"line":25,"column":17},"end":{"line":32,"column":1}},"5":{"start":{"line":26,"column":19},"end":{"line":30,"column":5}},"6":{"start":{"line":31,"column":4},"end":{"line":31,"column":41}},"7":{"start":{"line":34,"column":0},"end":{"line":38,"column":1}}},"fnMap":{"0":{"name":"(anonymous_0)","decl":{"start":{"line":25,"column":17},"end":{"line":25,"column":18}},"loc":{"start":{"line":25,"column":31},"end":{"line":32,"column":1}},"line":25}},"branchMap":{},"s":{"0":1,"1":1,"2":1,"3":1,"4":1,"5":0,"6":0,"7":1},"f":{"0":0},"b":{},"_coverageSchema":"43e27e138ebf9cfc5966b082cf9a028302ed4184","hash":"7f5e966d8d3ef7f7a0d44dcd44c4d6933e341f9f"}
,"C:\\Dev\\Projects\\movierental-api\\src\\models\\genre.js": {"path":"C:\\Dev\\Projects\\movierental-api\\src\\models\\genre.js","statementMap":{"0":{"start":{"line":1,"column":17},"end":{"line":1,"column":36}},"1":{"start":{"line":2,"column":12},"end":{"line":2,"column":26}},"2":{"start":{"line":5,"column":20},"end":{"line":12,"column":2}},"3":{"start":{"line":15,"column":14},"end":{"line":15,"column":50}},"4":{"start":{"line":18,"column":17},"end":{"line":23,"column":1}},"5":{"start":{"line":19,"column":19},"end":{"line":21,"column":5}},"6":{"start":{"line":22,"column":4},"end":{"line":22,"column":38}},"7":{"start":{"line":25,"column":0},"end":{"line":29,"column":1}}},"fnMap":{"0":{"name":"(anonymous_0)","decl":{"start":{"line":18,"column":17},"end":{"line":18,"column":18}},"loc":{"start":{"line":18,"column":28},"end":{"line":23,"column":1}},"line":18}},"branchMap":{},"s":{"0":1,"1":1,"2":1,"3":1,"4":1,"5":3,"6":3,"7":1},"f":{"0":3},"b":{},"_coverageSchema":"43e27e138ebf9cfc5966b082cf9a028302ed4184","hash":"7f8db92435a58573d1dae5f452833eed72c5f797"}
,"C:\\Dev\\Projects\\movierental-api\\src\\models\\movie.js": {"path":"C:\\Dev\\Projects\\movierental-api\\src\\models\\movie.js","statementMap":{"0":{"start":{"line":1,"column":17},"end":{"line":1,"column":36}},"1":{"start":{"line":2,"column":12},"end":{"line":2,"column":26}},"2":{"start":{"line":5,"column":4},"end":{"line":5,"column":22}},"3":{"start":{"line":8,"column":20},"end":{"line":33,"column":2}},"4":{"start":{"line":35,"column":14},"end":{"line":35,"column":50}},"5":{"start":{"line":37,"column":17},"end":{"line":45,"column":1}},"6":{"start":{"line":38,"column":19},"end":{"line":43,"column":5}},"7":{"start":{"line":44,"column":4},"end":{"line":44,"column":38}},"8":{"start":{"line":47,"column":0},"end":{"line":51,"column":1}}},"fnMap":{"0":{"name":"(anonymous_0)","decl":{"start":{"line":37,"column":17},"end":{"line":37,"column":18}},"loc":{"start":{"line":37,"column":28},"end":{"line":45,"column":1}},"line":37}},"branchMap":{},"s":{"0":1,"1":1,"2":1,"3":1,"4":1,"5":1,"6":0,"7":0,"8":1},"f":{"0":0},"b":{},"_coverageSchema":"43e27e138ebf9cfc5966b082cf9a028302ed4184","hash":"2dc087f941cc5c2012a5ce0d640ac583e3b0ed89"}
,"C:\\Dev\\Projects\\movierental-api\\src\\models\\rental.js": {"path":"C:\\Dev\\Projects\\movierental-api\\src\\models\\rental.js","statementMap":{"0":{"start":{"line":1,"column":17},"end":{"line":1,"column":36}},"1":{"start":{"line":2,"column":12},"end":{"line":2,"column":26}},"2":{"start":{"line":5,"column":23},"end":{"line":22,"column":2}},"3":{"start":{"line":24,"column":20},"end":{"line":38,"column":2}},"4":{"start":{"line":40,"column":21},"end":{"line":61,"column":2}},"5":{"start":{"line":63,"column":15},"end":{"line":63,"column":53}},"6":{"start":{"line":65,"column":17},"end":{"line":71,"column":1}},"7":{"start":{"line":66,"column":19},"end":{"line":69,"column":5}},"8":{"start":{"line":70,"column":4},"end":{"line":70,"column":39}},"9":{"start":{"line":73,"column":0},"end":{"line":77,"column":1}}},"fnMap":{"0":{"name":"(anonymous_0)","decl":{"start":{"line":65,"column":17},"end":{"line":65,"column":18}},"loc":{"start":{"line":65,"column":29},"end":{"line":71,"column":1}},"line":65}},"branchMap":{},"s":{"0":1,"1":1,"2":1,"3":1,"4":1,"5":1,"6":1,"7":0,"8":0,"9":1},"f":{"0":0},"b":{},"_coverageSchema":"43e27e138ebf9cfc5966b082cf9a028302ed4184","hash":"4a3097d38a5325dd8247423a206025a832847188"}
,"C:\\Dev\\Projects\\movierental-api\\src\\models\\user.js": {"path":"C:\\Dev\\Projects\\movierental-api\\src\\models\\user.js","statementMap":{"0":{"start":{"line":1,"column":17},"end":{"line":1,"column":36}},"1":{"start":{"line":2,"column":12},"end":{"line":2,"column":26}},"2":{"start":{"line":3,"column":12},"end":{"line":3,"column":35}},"3":{"start":{"line":4,"column":15},"end":{"line":4,"column":32}},"4":{"start":{"line":6,"column":19},"end":{"line":30,"column":2}},"5":{"start":{"line":32,"column":0},"end":{"line":38,"column":1}},"6":{"start":{"line":33,"column":16},"end":{"line":36,"column":33}},"7":{"start":{"line":37,"column":2},"end":{"line":37,"column":14}},"8":{"start":{"line":40,"column":13},"end":{"line":40,"column":47}},"9":{"start":{"line":43,"column":21},"end":{"line":51,"column":1}},"10":{"start":{"line":44,"column":17},"end":{"line":49,"column":3}},"11":{"start":{"line":50,"column":2},"end":{"line":50,"column":35}},"12":{"start":{"line":53,"column":0},"end":{"line":56,"column":1}}},"fnMap":{"0":{"name":"(anonymous_0)","decl":{"start":{"line":32,"column":39},"end":{"line":32,"column":40}},"loc":{"start":{"line":32,"column":51},"end":{"line":38,"column":1}},"line":32},"1":{"name":"(anonymous_1)","decl":{"start":{"line":43,"column":21},"end":{"line":43,"column":22}},"loc":{"start":{"line":43,"column":31},"end":{"line":51,"column":1}},"line":43}},"branchMap":{},"s":{"0":2,"1":2,"2":2,"3":2,"4":2,"5":2,"6":5,"7":5,"8":2,"9":2,"10":0,"11":0,"12":2},"f":{"0":5,"1":0},"b":{},"_coverageSchema":"43e27e138ebf9cfc5966b082cf9a028302ed4184","hash":"6aed26f26353377b29d55cd76151be3aa7e796b0"}
,"C:\\Dev\\Projects\\movierental-api\\src\\routes\\auth.js": {"path":"C:\\Dev\\Projects\\movierental-api\\src\\routes\\auth.js","statementMap":{"0":{"start":{"line":1,"column":16},"end":{"line":1,"column":34}},"1":{"start":{"line":2,"column":10},"end":{"line":2,"column":27}},"2":{"start":{"line":3,"column":17},"end":{"line":3,"column":36}},"3":{"start":{"line":4,"column":12},"end":{"line":4,"column":26}},"4":{"start":{"line":8,"column":4},"end":{"line":8,"column":30}},"5":{"start":{"line":11,"column":4},"end":{"line":11,"column":29}},"6":{"start":{"line":13,"column":15},"end":{"line":13,"column":31}},"7":{"start":{"line":17,"column":0},"end":{"line":60,"column":3}},"8":{"start":{"line":19,"column":18},"end":{"line":19,"column":36}},"9":{"start":{"line":20,"column":2},"end":{"line":27,"column":3}},"10":{"start":{"line":21,"column":4},"end":{"line":26,"column":6}},"11":{"start":{"line":30,"column":13},"end":{"line":30,"column":22}},"12":{"start":{"line":31,"column":2},"end":{"line":39,"column":3}},"13":{"start":{"line":32,"column":4},"end":{"line":34,"column":7}},"14":{"start":{"line":36,"column":4},"end":{"line":38,"column":7}},"15":{"start":{"line":41,"column":2},"end":{"line":44,"column":7}},"16":{"start":{"line":42,"column":4},"end":{"line":44,"column":7}},"17":{"start":{"line":47,"column":2},"end":{"line":47,"column":71}},"18":{"start":{"line":48,"column":2},"end":{"line":51,"column":7}},"19":{"start":{"line":49,"column":4},"end":{"line":51,"column":7}},"20":{"start":{"line":57,"column":2},"end":{"line":57,"column":34}},"21":{"start":{"line":59,"column":2},"end":{"line":59,"column":30}},"22":{"start":{"line":63,"column":17},"end":{"line":73,"column":3}},"23":{"start":{"line":74,"column":2},"end":{"line":74,"column":36}},"24":{"start":{"line":77,"column":0},"end":{"line":77,"column":24}}},"fnMap":{"0":{"name":"(anonymous_0)","decl":{"start":{"line":17,"column":17},"end":{"line":17,"column":18}},"loc":{"start":{"line":17,"column":37},"end":{"line":60,"column":1}},"line":17},"1":{"name":"validate","decl":{"start":{"line":62,"column":9},"end":{"line":62,"column":17}},"loc":{"start":{"line":62,"column":24},"end":{"line":75,"column":1}},"line":62}},"branchMap":{"0":{"loc":{"start":{"line":20,"column":2},"end":{"line":27,"column":3}},"type":"if","locations":[{"start":{"line":20,"column":2},"end":{"line":27,"column":3}},{"start":{"line":20,"column":2},"end":{"line":27,"column":3}}],"line":20},"1":{"loc":{"start":{"line":41,"column":2},"end":{"line":44,"column":7}},"type":"if","locations":[{"start":{"line":41,"column":2},"end":{"line":44,"column":7}},{"start":{"line":41,"column":2},"end":{"line":44,"column":7}}],"line":41},"2":{"loc":{"start":{"line":48,"column":2},"end":{"line":51,"column":7}},"type":"if","locations":[{"start":{"line":48,"column":2},"end":{"line":51,"column":7}},{"start":{"line":48,"column":2},"end":{"line":51,"column":7}}],"line":48}},"s":{"0":1,"1":1,"2":1,"3":1,"4":1,"5":1,"6":1,"7":1,"8":0,"9":0,"10":0,"11":0,"12":0,"13":0,"14":0,"15":0,"16":0,"17":0,"18":0,"19":0,"20":0,"21":0,"22":0,"23":0,"24":1},"f":{"0":0,"1":0},"b":{"0":[0,0],"1":[0,0],"2":[0,0]},"_coverageSchema":"43e27e138ebf9cfc5966b082cf9a028302ed4184","hash":"cd9be6f4545fa46ac2eb97af22445c55f5cfa1cd"}
,"C:\\Dev\\Projects\\movierental-api\\src\\routes\\customer.js": {"path":"C:\\Dev\\Projects\\movierental-api\\src\\routes\\customer.js","statementMap":{"0":{"start":{"line":1,"column":16},"end":{"line":1,"column":34}},"1":{"start":{"line":5,"column":4},"end":{"line":5,"column":33}},"2":{"start":{"line":8,"column":4},"end":{"line":8,"column":30}},"3":{"start":{"line":10,"column":15},"end":{"line":10,"column":31}},"4":{"start":{"line":14,"column":0},"end":{"line":23,"column":2}},"5":{"start":{"line":15,"column":20},"end":{"line":15,"column":29}},"6":{"start":{"line":16,"column":4},"end":{"line":20,"column":5}},"7":{"start":{"line":17,"column":8},"end":{"line":17,"column":54}},"8":{"start":{"line":19,"column":8},"end":{"line":19,"column":62}},"9":{"start":{"line":22,"column":4},"end":{"line":22,"column":35}},"10":{"start":{"line":26,"column":0},"end":{"line":38,"column":2}},"11":{"start":{"line":27,"column":19},"end":{"line":27,"column":28}},"12":{"start":{"line":28,"column":4},"end":{"line":32,"column":5}},"13":{"start":{"line":29,"column":8},"end":{"line":29,"column":57}},"14":{"start":{"line":31,"column":8},"end":{"line":31,"column":62}},"15":{"start":{"line":34,"column":4},"end":{"line":36,"column":5}},"16":{"start":{"line":35,"column":8},"end":{"line":35,"column":69}},"17":{"start":{"line":37,"column":4},"end":{"line":37,"column":34}},"18":{"start":{"line":41,"column":0},"end":{"line":63,"column":2}},"19":{"start":{"line":43,"column":22},"end":{"line":43,"column":40}},"20":{"start":{"line":44,"column":4},"end":{"line":46,"column":5}},"21":{"start":{"line":45,"column":8},"end":{"line":45,"column":88}},"22":{"start":{"line":49,"column":21},"end":{"line":53,"column":6}},"23":{"start":{"line":55,"column":24},"end":{"line":55,"column":33}},"24":{"start":{"line":56,"column":4},"end":{"line":60,"column":5}},"25":{"start":{"line":57,"column":8},"end":{"line":57,"column":45}},"26":{"start":{"line":59,"column":8},"end":{"line":59,"column":62}},"27":{"start":{"line":62,"column":4},"end":{"line":62,"column":39}},"28":{"start":{"line":66,"column":0},"end":{"line":89,"column":2}},"29":{"start":{"line":68,"column":22},"end":{"line":68,"column":40}},"30":{"start":{"line":69,"column":4},"end":{"line":71,"column":5}},"31":{"start":{"line":70,"column":8},"end":{"line":70,"column":88}},"32":{"start":{"line":74,"column":25},"end":{"line":74,"column":34}},"33":{"start":{"line":75,"column":4},"end":{"line":83,"column":5}},"34":{"start":{"line":76,"column":8},"end":{"line":80,"column":10}},"35":{"start":{"line":82,"column":8},"end":{"line":82,"column":62}},"36":{"start":{"line":84,"column":4},"end":{"line":85,"column":68}},"37":{"start":{"line":85,"column":8},"end":{"line":85,"column":68}},"38":{"start":{"line":88,"column":4},"end":{"line":88,"column":40}},"39":{"start":{"line":92,"column":0},"end":{"line":106,"column":2}},"40":{"start":{"line":93,"column":25},"end":{"line":93,"column":34}},"41":{"start":{"line":94,"column":4},"end":{"line":99,"column":5}},"42":{"start":{"line":95,"column":8},"end":{"line":95,"column":72}},"43":{"start":{"line":98,"column":8},"end":{"line":98,"column":62}},"44":{"start":{"line":101,"column":4},"end":{"line":101,"column":85}},"45":{"start":{"line":101,"column":25},"end":{"line":101,"column":85}},"46":{"start":{"line":104,"column":4},"end":{"line":104,"column":40}},"47":{"start":{"line":108,"column":0},"end":{"line":108,"column":23}}},"fnMap":{"0":{"name":"(anonymous_0)","decl":{"start":{"line":14,"column":16},"end":{"line":14,"column":17}},"loc":{"start":{"line":14,"column":36},"end":{"line":23,"column":1}},"line":14},"1":{"name":"(anonymous_1)","decl":{"start":{"line":26,"column":19},"end":{"line":26,"column":20}},"loc":{"start":{"line":26,"column":39},"end":{"line":38,"column":1}},"line":26},"2":{"name":"(anonymous_2)","decl":{"start":{"line":41,"column":17},"end":{"line":41,"column":18}},"loc":{"start":{"line":41,"column":37},"end":{"line":63,"column":1}},"line":41},"3":{"name":"(anonymous_3)","decl":{"start":{"line":66,"column":19},"end":{"line":66,"column":20}},"loc":{"start":{"line":66,"column":39},"end":{"line":89,"column":1}},"line":66},"4":{"name":"(anonymous_4)","decl":{"start":{"line":92,"column":22},"end":{"line":92,"column":23}},"loc":{"start":{"line":92,"column":42},"end":{"line":106,"column":1}},"line":92}},"branchMap":{"0":{"loc":{"start":{"line":34,"column":4},"end":{"line":36,"column":5}},"type":"if","locations":[{"start":{"line":34,"column":4},"end":{"line":36,"column":5}},{"start":{"line":34,"column":4},"end":{"line":36,"column":5}}],"line":34},"1":{"loc":{"start":{"line":44,"column":4},"end":{"line":46,"column":5}},"type":"if","locations":[{"start":{"line":44,"column":4},"end":{"line":46,"column":5}},{"start":{"line":44,"column":4},"end":{"line":46,"column":5}}],"line":44},"2":{"loc":{"start":{"line":69,"column":4},"end":{"line":71,"column":5}},"type":"if","locations":[{"start":{"line":69,"column":4},"end":{"line":71,"column":5}},{"start":{"line":69,"column":4},"end":{"line":71,"column":5}}],"line":69},"3":{"loc":{"start":{"line":84,"column":4},"end":{"line":85,"column":68}},"type":"if","locations":[{"start":{"line":84,"column":4},"end":{"line":85,"column":68}},{"start":{"line":84,"column":4},"end":{"line":85,"column":68}}],"line":84},"4":{"loc":{"start":{"line":101,"column":4},"end":{"line":101,"column":85}},"type":"if","locations":[{"start":{"line":101,"column":4},"end":{"line":101,"column":85}},{"start":{"line":101,"column":4},"end":{"line":101,"column":85}}],"line":101}},"s":{"0":1,"1":1,"2":1,"3":1,"4":1,"5":0,"6":0,"7":0,"8":0,"9":0,"10":1,"11":0,"12":0,"13":0,"14":0,"15":0,"16":0,"17":0,"18":1,"19":0,"20":0,"21":0,"22":0,"23":0,"24":0,"25":0,"26":0,"27":0,"28":1,"29":0,"30":0,"31":0,"32":0,"33":0,"34":0,"35":0,"36":0,"37":0,"38":0,"39":1,"40":0,"41":0,"42":0,"43":0,"44":0,"45":0,"46":0,"47":1},"f":{"0":0,"1":0,"2":0,"3":0,"4":0},"b":{"0":[0,0],"1":[0,0],"2":[0,0],"3":[0,0],"4":[0,0]},"_coverageSchema":"43e27e138ebf9cfc5966b082cf9a028302ed4184","hash":"e1898c0835f6af8513c602160e340e1766e1fb01"}
,"C:\\Dev\\Projects\\movierental-api\\src\\routes\\default.js": {"path":"C:\\Dev\\Projects\\movierental-api\\src\\routes\\default.js","statementMap":{"0":{"start":{"line":1,"column":16},"end":{"line":1,"column":34}},"1":{"start":{"line":3,"column":15},"end":{"line":3,"column":31}},"2":{"start":{"line":5,"column":0},"end":{"line":9,"column":2}},"3":{"start":{"line":6,"column":4},"end":{"line":8,"column":6}},"4":{"start":{"line":11,"column":0},"end":{"line":15,"column":2}},"5":{"start":{"line":12,"column":4},"end":{"line":14,"column":6}},"6":{"start":{"line":17,"column":0},"end":{"line":21,"column":2}},"7":{"start":{"line":18,"column":4},"end":{"line":20,"column":6}},"8":{"start":{"line":23,"column":0},"end":{"line":27,"column":2}},"9":{"start":{"line":24,"column":4},"end":{"line":26,"column":6}},"10":{"start":{"line":29,"column":0},"end":{"line":29,"column":23}}},"fnMap":{"0":{"name":"(anonymous_0)","decl":{"start":{"line":5,"column":16},"end":{"line":5,"column":17}},"loc":{"start":{"line":5,"column":30},"end":{"line":9,"column":1}},"line":5},"1":{"name":"(anonymous_1)","decl":{"start":{"line":11,"column":16},"end":{"line":11,"column":17}},"loc":{"start":{"line":11,"column":30},"end":{"line":15,"column":1}},"line":11},"2":{"name":"(anonymous_2)","decl":{"start":{"line":17,"column":19},"end":{"line":17,"column":20}},"loc":{"start":{"line":17,"column":33},"end":{"line":21,"column":1}},"line":17},"3":{"name":"(anonymous_3)","decl":{"start":{"line":23,"column":17},"end":{"line":23,"column":18}},"loc":{"start":{"line":23,"column":31},"end":{"line":27,"column":1}},"line":23}},"branchMap":{},"s":{"0":1,"1":1,"2":1,"3":0,"4":1,"5":0,"6":1,"7":0,"8":1,"9":0,"10":1},"f":{"0":0,"1":0,"2":0,"3":0},"b":{},"_coverageSchema":"43e27e138ebf9cfc5966b082cf9a028302ed4184","hash":"3f348ff3d60bcf128312a0b79d7fb2d5d56da774"}
,"C:\\Dev\\Projects\\movierental-api\\src\\routes\\genre.js": {"path":"C:\\Dev\\Projects\\movierental-api\\src\\routes\\genre.js","statementMap":{"0":{"start":{"line":1,"column":16},"end":{"line":1,"column":34}},"1":{"start":{"line":2,"column":13},"end":{"line":2,"column":43}},"2":{"start":{"line":3,"column":14},"end":{"line":3,"column":45}},"3":{"start":{"line":4,"column":23},"end":{"line":4,"column":65}},"4":{"start":{"line":9,"column":4},"end":{"line":9,"column":30}},"5":{"start":{"line":13,"column":4},"end":{"line":13,"column":30}},"6":{"start":{"line":15,"column":15},"end":{"line":15,"column":31}},"7":{"start":{"line":19,"column":0},"end":{"line":22,"column":3}},"8":{"start":{"line":20,"column":17},"end":{"line":20,"column":48}},"9":{"start":{"line":21,"column":2},"end":{"line":21,"column":31}},"10":{"start":{"line":25,"column":0},"end":{"line":31,"column":3}},"11":{"start":{"line":26,"column":16},"end":{"line":26,"column":51}},"12":{"start":{"line":27,"column":2},"end":{"line":29,"column":3}},"13":{"start":{"line":28,"column":4},"end":{"line":28,"column":38}},"14":{"start":{"line":30,"column":2},"end":{"line":30,"column":30}},"15":{"start":{"line":34,"column":0},"end":{"line":49,"column":3}},"16":{"start":{"line":36,"column":20},"end":{"line":36,"column":38}},"17":{"start":{"line":38,"column":2},"end":{"line":39,"column":36}},"18":{"start":{"line":39,"column":4},"end":{"line":39,"column":36}},"19":{"start":{"line":43,"column":16},"end":{"line":45,"column":4}},"20":{"start":{"line":47,"column":2},"end":{"line":47,"column":21}},"21":{"start":{"line":48,"column":2},"end":{"line":48,"column":30}},"22":{"start":{"line":52,"column":0},"end":{"line":71,"column":3}},"23":{"start":{"line":54,"column":20},"end":{"line":54,"column":38}},"24":{"start":{"line":55,"column":2},"end":{"line":57,"column":3}},"25":{"start":{"line":56,"column":4},"end":{"line":56,"column":36}},"26":{"start":{"line":59,"column":22},"end":{"line":65,"column":3}},"27":{"start":{"line":67,"column":2},"end":{"line":67,"column":78}},"28":{"start":{"line":67,"column":20},"end":{"line":67,"column":78}},"29":{"start":{"line":70,"column":2},"end":{"line":70,"column":36}},"30":{"start":{"line":74,"column":0},"end":{"line":86,"column":3}},"31":{"start":{"line":75,"column":20},"end":{"line":75,"column":29}},"32":{"start":{"line":76,"column":2},"end":{"line":80,"column":3}},"33":{"start":{"line":77,"column":4},"end":{"line":77,"column":63}},"34":{"start":{"line":79,"column":4},"end":{"line":79,"column":59}},"35":{"start":{"line":82,"column":2},"end":{"line":82,"column":78}},"36":{"start":{"line":82,"column":20},"end":{"line":82,"column":78}},"37":{"start":{"line":85,"column":2},"end":{"line":85,"column":36}},"38":{"start":{"line":88,"column":0},"end":{"line":88,"column":24}}},"fnMap":{"0":{"name":"(anonymous_0)","decl":{"start":{"line":19,"column":16},"end":{"line":19,"column":17}},"loc":{"start":{"line":19,"column":36},"end":{"line":22,"column":1}},"line":19},"1":{"name":"(anonymous_1)","decl":{"start":{"line":25,"column":35},"end":{"line":25,"column":36}},"loc":{"start":{"line":25,"column":55},"end":{"line":31,"column":1}},"line":25},"2":{"name":"(anonymous_2)","decl":{"start":{"line":34,"column":23},"end":{"line":34,"column":24}},"loc":{"start":{"line":34,"column":43},"end":{"line":49,"column":1}},"line":34},"3":{"name":"(anonymous_3)","decl":{"start":{"line":52,"column":19},"end":{"line":52,"column":20}},"loc":{"start":{"line":52,"column":39},"end":{"line":71,"column":1}},"line":52},"4":{"name":"(anonymous_4)","decl":{"start":{"line":74,"column":37},"end":{"line":74,"column":38}},"loc":{"start":{"line":74,"column":57},"end":{"line":86,"column":1}},"line":74}},"branchMap":{"0":{"loc":{"start":{"line":27,"column":2},"end":{"line":29,"column":3}},"type":"if","locations":[{"start":{"line":27,"column":2},"end":{"line":29,"column":3}},{"start":{"line":27,"column":2},"end":{"line":29,"column":3}}],"line":27},"1":{"loc":{"start":{"line":38,"column":2},"end":{"line":39,"column":36}},"type":"if","locations":[{"start":{"line":38,"column":2},"end":{"line":39,"column":36}},{"start":{"line":38,"column":2},"end":{"line":39,"column":36}}],"line":38},"2":{"loc":{"start":{"line":55,"column":2},"end":{"line":57,"column":3}},"type":"if","locations":[{"start":{"line":55,"column":2},"end":{"line":57,"column":3}},{"start":{"line":55,"column":2},"end":{"line":57,"column":3}}],"line":55},"3":{"loc":{"start":{"line":67,"column":2},"end":{"line":67,"column":78}},"type":"if","locations":[{"start":{"line":67,"column":2},"end":{"line":67,"column":78}},{"start":{"line":67,"column":2},"end":{"line":67,"column":78}}],"line":67},"4":{"loc":{"start":{"line":82,"column":2},"end":{"line":82,"column":78}},"type":"if","locations":[{"start":{"line":82,"column":2},"end":{"line":82,"column":78}},{"start":{"line":82,"column":2},"end":{"line":82,"column":78}}],"line":82}},"s":{"0":1,"1":1,"2":1,"3":1,"4":1,"5":1,"6":1,"7":1,"8":1,"9":1,"10":1,"11":1,"12":1,"13":0,"14":1,"15":1,"16":3,"17":3,"18":2,"19":1,"20":1,"21":1,"22":1,"23":0,"24":0,"25":0,"26":0,"27":0,"28":0,"29":0,"30":1,"31":0,"32":0,"33":0,"34":0,"35":0,"36":0,"37":0,"38":1},"f":{"0":1,"1":1,"2":3,"3":0,"4":0},"b":{"0":[0,1],"1":[2,1],"2":[0,0],"3":[0,0],"4":[0,0]},"_coverageSchema":"43e27e138ebf9cfc5966b082cf9a028302ed4184","hash":"0004a9985ba02552fb71ee84e7089542e9949175"}
,"C:\\Dev\\Projects\\movierental-api\\src\\routes\\movie.js": {"path":"C:\\Dev\\Projects\\movierental-api\\src\\routes\\movie.js","statementMap":{"0":{"start":{"line":1,"column":16},"end":{"line":1,"column":34}},"1":{"start":{"line":5,"column":4},"end":{"line":5,"column":30}},"2":{"start":{"line":8,"column":4},"end":{"line":8,"column":30}},"3":{"start":{"line":11,"column":4},"end":{"line":11,"column":30}},"4":{"start":{"line":13,"column":15},"end":{"line":13,"column":31}},"5":{"start":{"line":17,"column":0},"end":{"line":26,"column":2}},"6":{"start":{"line":18,"column":17},"end":{"line":18,"column":26}},"7":{"start":{"line":19,"column":4},"end":{"line":23,"column":5}},"8":{"start":{"line":20,"column":8},"end":{"line":20,"column":49}},"9":{"start":{"line":22,"column":8},"end":{"line":22,"column":62}},"10":{"start":{"line":25,"column":4},"end":{"line":25,"column":32}},"11":{"start":{"line":29,"column":0},"end":{"line":41,"column":2}},"12":{"start":{"line":30,"column":16},"end":{"line":30,"column":25}},"13":{"start":{"line":31,"column":4},"end":{"line":35,"column":5}},"14":{"start":{"line":32,"column":8},"end":{"line":32,"column":51}},"15":{"start":{"line":34,"column":8},"end":{"line":34,"column":62}},"16":{"start":{"line":37,"column":4},"end":{"line":39,"column":5}},"17":{"start":{"line":38,"column":8},"end":{"line":38,"column":73}},"18":{"start":{"line":40,"column":4},"end":{"line":40,"column":31}},"19":{"start":{"line":44,"column":0},"end":{"line":79,"column":2}},"20":{"start":{"line":46,"column":22},"end":{"line":46,"column":40}},"21":{"start":{"line":47,"column":4},"end":{"line":48,"column":88}},"22":{"start":{"line":48,"column":8},"end":{"line":48,"column":88}},"23":{"start":{"line":51,"column":16},"end":{"line":51,"column":25}},"24":{"start":{"line":52,"column":4},"end":{"line":56,"column":5}},"25":{"start":{"line":53,"column":8},"end":{"line":53,"column":54}},"26":{"start":{"line":55,"column":8},"end":{"line":55,"column":62}},"27":{"start":{"line":58,"column":4},"end":{"line":58,"column":77}},"28":{"start":{"line":58,"column":16},"end":{"line":58,"column":77}},"29":{"start":{"line":61,"column":18},"end":{"line":69,"column":6}},"30":{"start":{"line":71,"column":21},"end":{"line":71,"column":30}},"31":{"start":{"line":72,"column":4},"end":{"line":76,"column":5}},"32":{"start":{"line":73,"column":8},"end":{"line":73,"column":39}},"33":{"start":{"line":75,"column":8},"end":{"line":75,"column":62}},"34":{"start":{"line":78,"column":4},"end":{"line":78,"column":36}},"35":{"start":{"line":82,"column":0},"end":{"line":120,"column":2}},"36":{"start":{"line":84,"column":22},"end":{"line":84,"column":40}},"37":{"start":{"line":85,"column":4},"end":{"line":87,"column":5}},"38":{"start":{"line":86,"column":8},"end":{"line":86,"column":88}},"39":{"start":{"line":90,"column":16},"end":{"line":90,"column":25}},"40":{"start":{"line":91,"column":4},"end":{"line":95,"column":5}},"41":{"start":{"line":92,"column":8},"end":{"line":92,"column":54}},"42":{"start":{"line":94,"column":8},"end":{"line":94,"column":62}},"43":{"start":{"line":97,"column":4},"end":{"line":97,"column":77}},"44":{"start":{"line":97,"column":16},"end":{"line":97,"column":77}},"45":{"start":{"line":99,"column":22},"end":{"line":99,"column":31}},"46":{"start":{"line":100,"column":4},"end":{"line":114,"column":5}},"47":{"start":{"line":101,"column":8},"end":{"line":111,"column":10}},"48":{"start":{"line":113,"column":8},"end":{"line":113,"column":62}},"49":{"start":{"line":115,"column":4},"end":{"line":116,"column":65}},"50":{"start":{"line":116,"column":8},"end":{"line":116,"column":65}},"51":{"start":{"line":119,"column":4},"end":{"line":119,"column":37}},"52":{"start":{"line":123,"column":0},"end":{"line":137,"column":2}},"53":{"start":{"line":124,"column":22},"end":{"line":124,"column":31}},"54":{"start":{"line":125,"column":4},"end":{"line":130,"column":5}},"55":{"start":{"line":126,"column":8},"end":{"line":126,"column":66}},"56":{"start":{"line":129,"column":8},"end":{"line":129,"column":62}},"57":{"start":{"line":132,"column":4},"end":{"line":132,"column":79}},"58":{"start":{"line":132,"column":22},"end":{"line":132,"column":79}},"59":{"start":{"line":135,"column":4},"end":{"line":135,"column":37}},"60":{"start":{"line":139,"column":0},"end":{"line":139,"column":23}}},"fnMap":{"0":{"name":"(anonymous_0)","decl":{"start":{"line":17,"column":16},"end":{"line":17,"column":17}},"loc":{"start":{"line":17,"column":36},"end":{"line":26,"column":1}},"line":17},"1":{"name":"(anonymous_1)","decl":{"start":{"line":29,"column":19},"end":{"line":29,"column":20}},"loc":{"start":{"line":29,"column":39},"end":{"line":41,"column":1}},"line":29},"2":{"name":"(anonymous_2)","decl":{"start":{"line":44,"column":17},"end":{"line":44,"column":18}},"loc":{"start":{"line":44,"column":37},"end":{"line":79,"column":1}},"line":44},"3":{"name":"(anonymous_3)","decl":{"start":{"line":82,"column":19},"end":{"line":82,"column":20}},"loc":{"start":{"line":82,"column":39},"end":{"line":120,"column":1}},"line":82},"4":{"name":"(anonymous_4)","decl":{"start":{"line":123,"column":22},"end":{"line":123,"column":23}},"loc":{"start":{"line":123,"column":42},"end":{"line":137,"column":1}},"line":123}},"branchMap":{"0":{"loc":{"start":{"line":37,"column":4},"end":{"line":39,"column":5}},"type":"if","locations":[{"start":{"line":37,"column":4},"end":{"line":39,"column":5}},{"start":{"line":37,"column":4},"end":{"line":39,"column":5}}],"line":37},"1":{"loc":{"start":{"line":47,"column":4},"end":{"line":48,"column":88}},"type":"if","locations":[{"start":{"line":47,"column":4},"end":{"line":48,"column":88}},{"start":{"line":47,"column":4},"end":{"line":48,"column":88}}],"line":47},"2":{"loc":{"start":{"line":58,"column":4},"end":{"line":58,"column":77}},"type":"if","locations":[{"start":{"line":58,"column":4},"end":{"line":58,"column":77}},{"start":{"line":58,"column":4},"end":{"line":58,"column":77}}],"line":58},"3":{"loc":{"start":{"line":85,"column":4},"end":{"line":87,"column":5}},"type":"if","locations":[{"start":{"line":85,"column":4},"end":{"line":87,"column":5}},{"start":{"line":85,"column":4},"end":{"line":87,"column":5}}],"line":85},"4":{"loc":{"start":{"line":97,"column":4},"end":{"line":97,"column":77}},"type":"if","locations":[{"start":{"line":97,"column":4},"end":{"line":97,"column":77}},{"start":{"line":97,"column":4},"end":{"line":97,"column":77}}],"line":97},"5":{"loc":{"start":{"line":115,"column":4},"end":{"line":116,"column":65}},"type":"if","locations":[{"start":{"line":115,"column":4},"end":{"line":116,"column":65}},{"start":{"line":115,"column":4},"end":{"line":116,"column":65}}],"line":115},"6":{"loc":{"start":{"line":132,"column":4},"end":{"line":132,"column":79}},"type":"if","locations":[{"start":{"line":132,"column":4},"end":{"line":132,"column":79}},{"start":{"line":132,"column":4},"end":{"line":132,"column":79}}],"line":132}},"s":{"0":1,"1":1,"2":1,"3":1,"4":1,"5":1,"6":0,"7":0,"8":0,"9":0,"10":0,"11":1,"12":0,"13":0,"14":0,"15":0,"16":0,"17":0,"18":0,"19":1,"20":0,"21":0,"22":0,"23":0,"24":0,"25":0,"26":0,"27":0,"28":0,"29":0,"30":0,"31":0,"32":0,"33":0,"34":0,"35":1,"36":0,"37":0,"38":0,"39":0,"40":0,"41":0,"42":0,"43":0,"44":0,"45":0,"46":0,"47":0,"48":0,"49":0,"50":0,"51":0,"52":1,"53":0,"54":0,"55":0,"56":0,"57":0,"58":0,"59":0,"60":1},"f":{"0":0,"1":0,"2":0,"3":0,"4":0},"b":{"0":[0,0],"1":[0,0],"2":[0,0],"3":[0,0],"4":[0,0],"5":[0,0],"6":[0,0]},"_coverageSchema":"43e27e138ebf9cfc5966b082cf9a028302ed4184","hash":"6cd93aeaa9e34613c10c94b5698be8bd00ee445c"}
,"C:\\Dev\\Projects\\movierental-api\\src\\routes\\rental.js": {"path":"C:\\Dev\\Projects\\movierental-api\\src\\routes\\rental.js","statementMap":{"0":{"start":{"line":1,"column":16},"end":{"line":1,"column":34}},"1":{"start":{"line":5,"column":4},"end":{"line":5,"column":31}},"2":{"start":{"line":8,"column":4},"end":{"line":8,"column":30}},"3":{"start":{"line":11,"column":4},"end":{"line":11,"column":33}},"4":{"start":{"line":14,"column":4},"end":{"line":14,"column":30}},"5":{"start":{"line":15,"column":17},"end":{"line":15,"column":36}},"6":{"start":{"line":16,"column":13},"end":{"line":16,"column":28}},"7":{"start":{"line":17,"column":15},"end":{"line":17,"column":31}},"8":{"start":{"line":19,"column":0},"end":{"line":19,"column":20}},"9":{"start":{"line":23,"column":0},"end":{"line":32,"column":3}},"10":{"start":{"line":24,"column":18},"end":{"line":24,"column":27}},"11":{"start":{"line":25,"column":4},"end":{"line":29,"column":5}},"12":{"start":{"line":26,"column":8},"end":{"line":26,"column":55}},"13":{"start":{"line":28,"column":8},"end":{"line":28,"column":63}},"14":{"start":{"line":31,"column":4},"end":{"line":31,"column":34}},"15":{"start":{"line":35,"column":0},"end":{"line":109,"column":3}},"16":{"start":{"line":37,"column":22},"end":{"line":37,"column":40}},"17":{"start":{"line":38,"column":4},"end":{"line":44,"column":10}},"18":{"start":{"line":39,"column":8},"end":{"line":44,"column":10}},"19":{"start":{"line":47,"column":19},"end":{"line":47,"column":28}},"20":{"start":{"line":48,"column":4},"end":{"line":52,"column":5}},"21":{"start":{"line":49,"column":8},"end":{"line":49,"column":64}},"22":{"start":{"line":51,"column":8},"end":{"line":51,"column":63}},"23":{"start":{"line":53,"column":4},"end":{"line":54,"column":73}},"24":{"start":{"line":54,"column":8},"end":{"line":54,"column":73}},"25":{"start":{"line":57,"column":16},"end":{"line":57,"column":25}},"26":{"start":{"line":58,"column":4},"end":{"line":62,"column":5}},"27":{"start":{"line":59,"column":8},"end":{"line":59,"column":55}},"28":{"start":{"line":61,"column":8},"end":{"line":61,"column":63}},"29":{"start":{"line":63,"column":4},"end":{"line":63,"column":78}},"30":{"start":{"line":63,"column":16},"end":{"line":63,"column":78}},"31":{"start":{"line":66,"column":4},"end":{"line":67,"column":76}},"32":{"start":{"line":67,"column":8},"end":{"line":67,"column":76}},"33":{"start":{"line":70,"column":19},"end":{"line":82,"column":6}},"34":{"start":{"line":93,"column":4},"end":{"line":107,"column":5}},"35":{"start":{"line":94,"column":8},"end":{"line":103,"column":19}},"36":{"start":{"line":104,"column":8},"end":{"line":104,"column":37}},"37":{"start":{"line":106,"column":8},"end":{"line":106,"column":64}},"38":{"start":{"line":111,"column":0},"end":{"line":111,"column":24}}},"fnMap":{"0":{"name":"(anonymous_0)","decl":{"start":{"line":23,"column":16},"end":{"line":23,"column":17}},"loc":{"start":{"line":23,"column":36},"end":{"line":32,"column":1}},"line":23},"1":{"name":"(anonymous_1)","decl":{"start":{"line":35,"column":17},"end":{"line":35,"column":18}},"loc":{"start":{"line":35,"column":37},"end":{"line":109,"column":1}},"line":35}},"branchMap":{"0":{"loc":{"start":{"line":38,"column":4},"end":{"line":44,"column":10}},"type":"if","locations":[{"start":{"line":38,"column":4},"end":{"line":44,"column":10}},{"start":{"line":38,"column":4},"end":{"line":44,"column":10}}],"line":38},"1":{"loc":{"start":{"line":53,"column":4},"end":{"line":54,"column":73}},"type":"if","locations":[{"start":{"line":53,"column":4},"end":{"line":54,"column":73}},{"start":{"line":53,"column":4},"end":{"line":54,"column":73}}],"line":53},"2":{"loc":{"start":{"line":63,"column":4},"end":{"line":63,"column":78}},"type":"if","locations":[{"start":{"line":63,"column":4},"end":{"line":63,"column":78}},{"start":{"line":63,"column":4},"end":{"line":63,"column":78}}],"line":63},"3":{"loc":{"start":{"line":66,"column":4},"end":{"line":67,"column":76}},"type":"if","locations":[{"start":{"line":66,"column":4},"end":{"line":67,"column":76}},{"start":{"line":66,"column":4},"end":{"line":67,"column":76}}],"line":66}},"s":{"0":1,"1":1,"2":1,"3":1,"4":1,"5":1,"6":1,"7":1,"8":1,"9":1,"10":0,"11":0,"12":0,"13":0,"14":0,"15":1,"16":0,"17":0,"18":0,"19":0,"20":0,"21":0,"22":0,"23":0,"24":0,"25":0,"26":0,"27":0,"28":0,"29":0,"30":0,"31":0,"32":0,"33":0,"34":0,"35":0,"36":0,"37":0,"38":1},"f":{"0":0,"1":0},"b":{"0":[0,0],"1":[0,0],"2":[0,0],"3":[0,0]},"_coverageSchema":"43e27e138ebf9cfc5966b082cf9a028302ed4184","hash":"76ea37fc13f8ddec21706946bd36701bb6d0552e"}
,"C:\\Dev\\Projects\\movierental-api\\src\\routes\\user.js": {"path":"C:\\Dev\\Projects\\movierental-api\\src\\routes\\user.js","statementMap":{"0":{"start":{"line":1,"column":16},"end":{"line":1,"column":34}},"1":{"start":{"line":2,"column":10},"end":{"line":2,"column":27}},"2":{"start":{"line":3,"column":17},"end":{"line":3,"column":36}},"3":{"start":{"line":4,"column":13},"end":{"line":4,"column":43}},"4":{"start":{"line":7,"column":4},"end":{"line":7,"column":30}},"5":{"start":{"line":11,"column":4},"end":{"line":11,"column":29}},"6":{"start":{"line":13,"column":15},"end":{"line":13,"column":31}},"7":{"start":{"line":15,"column":0},"end":{"line":18,"column":2}},"8":{"start":{"line":16,"column":15},"end":{"line":16,"column":67}},"9":{"start":{"line":17,"column":2},"end":{"line":17,"column":28}},"10":{"start":{"line":20,"column":0},"end":{"line":64,"column":3}},"11":{"start":{"line":22,"column":20},"end":{"line":22,"column":38}},"12":{"start":{"line":23,"column":2},"end":{"line":30,"column":3}},"13":{"start":{"line":24,"column":4},"end":{"line":29,"column":6}},"14":{"start":{"line":33,"column":13},"end":{"line":33,"column":22}},"15":{"start":{"line":34,"column":2},"end":{"line":42,"column":3}},"16":{"start":{"line":35,"column":4},"end":{"line":37,"column":7}},"17":{"start":{"line":39,"column":4},"end":{"line":41,"column":7}},"18":{"start":{"line":44,"column":2},"end":{"line":47,"column":7}},"19":{"start":{"line":45,"column":4},"end":{"line":47,"column":7}},"20":{"start":{"line":50,"column":2},"end":{"line":50,"column":78}},"21":{"start":{"line":51,"column":2},"end":{"line":51,"column":57}},"22":{"start":{"line":53,"column":2},"end":{"line":59,"column":3}},"23":{"start":{"line":54,"column":4},"end":{"line":54,"column":22}},"24":{"start":{"line":56,"column":4},"end":{"line":58,"column":7}},"25":{"start":{"line":61,"column":16},"end":{"line":61,"column":40}},"26":{"start":{"line":63,"column":2},"end":{"line":63,"column":93}},"27":{"start":{"line":66,"column":0},"end":{"line":66,"column":24}}},"fnMap":{"0":{"name":"(anonymous_0)","decl":{"start":{"line":15,"column":24},"end":{"line":15,"column":25}},"loc":{"start":{"line":15,"column":44},"end":{"line":18,"column":1}},"line":15},"1":{"name":"(anonymous_1)","decl":{"start":{"line":20,"column":17},"end":{"line":20,"column":18}},"loc":{"start":{"line":20,"column":37},"end":{"line":64,"column":1}},"line":20}},"branchMap":{"0":{"loc":{"start":{"line":23,"column":2},"end":{"line":30,"column":3}},"type":"if","locations":[{"start":{"line":23,"column":2},"end":{"line":30,"column":3}},{"start":{"line":23,"column":2},"end":{"line":30,"column":3}}],"line":23},"1":{"loc":{"start":{"line":44,"column":2},"end":{"line":47,"column":7}},"type":"if","locations":[{"start":{"line":44,"column":2},"end":{"line":47,"column":7}},{"start":{"line":44,"column":2},"end":{"line":47,"column":7}}],"line":44}},"s":{"0":1,"1":1,"2":1,"3":1,"4":1,"5":1,"6":1,"7":1,"8":0,"9":0,"10":1,"11":0,"12":0,"13":0,"14":0,"15":0,"16":0,"17":0,"18":0,"19":0,"20":0,"21":0,"22":0,"23":0,"24":0,"25":0,"26":0,"27":1},"f":{"0":0,"1":0},"b":{"0":[0,0],"1":[0,0]},"_coverageSchema":"43e27e138ebf9cfc5966b082cf9a028302ed4184","hash":"bdfe04bd1504604215b66e09ae330c847f76a331"}
,"C:\\Dev\\Projects\\movierental-api\\src\\startup\\config.js": {"path":"C:\\Dev\\Projects\\movierental-api\\src\\startup\\config.js","statementMap":{"0":{"start":{"line":1,"column":15},"end":{"line":1,"column":32}},"1":{"start":{"line":3,"column":0},"end":{"line":7,"column":1}},"2":{"start":{"line":4,"column":2},"end":{"line":6,"column":3}},"3":{"start":{"line":5,"column":4},"end":{"line":5,"column":66}}},"fnMap":{"0":{"name":"(anonymous_0)","decl":{"start":{"line":3,"column":17},"end":{"line":3,"column":18}},"loc":{"start":{"line":3,"column":29},"end":{"line":7,"column":1}},"line":3}},"branchMap":{"0":{"loc":{"start":{"line":4,"column":2},"end":{"line":6,"column":3}},"type":"if","locations":[{"start":{"line":4,"column":2},"end":{"line":6,"column":3}},{"start":{"line":4,"column":2},"end":{"line":6,"column":3}}],"line":4}},"s":{"0":1,"1":1,"2":1,"3":0},"f":{"0":1},"b":{"0":[0,1]},"_coverageSchema":"43e27e138ebf9cfc5966b082cf9a028302ed4184","hash":"0e95ce6726a2068deb975439a395b8d22c0f3976"}
,"C:\\Dev\\Projects\\movierental-api\\src\\startup\\db.js": {"path":"C:\\Dev\\Projects\\movierental-api\\src\\startup\\db.js","statementMap":{"0":{"start":{"line":1,"column":17},"end":{"line":1,"column":36}},"1":{"start":{"line":2,"column":15},"end":{"line":2,"column":34}},"2":{"start":{"line":3,"column":15},"end":{"line":3,"column":32}},"3":{"start":{"line":5,"column":0},"end":{"line":18,"column":1}},"4":{"start":{"line":6,"column":14},"end":{"line":6,"column":36}},"5":{"start":{"line":7,"column":2},"end":{"line":17,"column":6}},"6":{"start":{"line":12,"column":6},"end":{"line":12,"column":61}},"7":{"start":{"line":15,"column":6},"end":{"line":15,"column":51}},"8":{"start":{"line":16,"column":6},"end":{"line":16,"column":21}}},"fnMap":{"0":{"name":"(anonymous_0)","decl":{"start":{"line":5,"column":17},"end":{"line":5,"column":18}},"loc":{"start":{"line":5,"column":29},"end":{"line":18,"column":1}},"line":5},"1":{"name":"(anonymous_1)","decl":{"start":{"line":11,"column":10},"end":{"line":11,"column":11}},"loc":{"start":{"line":11,"column":16},"end":{"line":13,"column":5}},"line":11},"2":{"name":"(anonymous_2)","decl":{"start":{"line":14,"column":11},"end":{"line":14,"column":12}},"loc":{"start":{"line":14,"column":18},"end":{"line":17,"column":5}},"line":14}},"branchMap":{},"s":{"0":1,"1":1,"2":1,"3":1,"4":1,"5":1,"6":1,"7":0,"8":0},"f":{"0":1,"1":1,"2":0},"b":{},"_coverageSchema":"43e27e138ebf9cfc5966b082cf9a028302ed4184","hash":"6c2bb6f6df3c83d85f8a6e74e9172853c47d5b3f"}
,"C:\\Dev\\Projects\\movierental-api\\src\\startup\\index.js": {"path":"C:\\Dev\\Projects\\movierental-api\\src\\startup\\index.js","statementMap":{"0":{"start":{"line":1,"column":16},"end":{"line":1,"column":34}},"1":{"start":{"line":2,"column":12},"end":{"line":2,"column":21}},"2":{"start":{"line":4,"column":0},"end":{"line":4,"column":32}},"3":{"start":{"line":5,"column":0},"end":{"line":5,"column":19}},"4":{"start":{"line":6,"column":0},"end":{"line":6,"column":24}},"5":{"start":{"line":7,"column":0},"end":{"line":7,"column":17}},"6":{"start":{"line":8,"column":0},"end":{"line":8,"column":21}},"7":{"start":{"line":11,"column":0},"end":{"line":11,"column":20}}},"fnMap":{},"branchMap":{},"s":{"0":1,"1":1,"2":1,"3":1,"4":1,"5":1,"6":1,"7":1},"f":{},"b":{},"_coverageSchema":"43e27e138ebf9cfc5966b082cf9a028302ed4184","hash":"e701f392f5714595b80015b7a09315b322c5fe79"}
,"C:\\Dev\\Projects\\movierental-api\\src\\startup\\logger.js": {"path":"C:\\Dev\\Projects\\movierental-api\\src\\startup\\logger.js","statementMap":{"0":{"start":{"line":1,"column":16},"end":{"line":1,"column":34}},"1":{"start":{"line":3,"column":15},"end":{"line":27,"column":2}},"2":{"start":{"line":33,"column":0},"end":{"line":37,"column":1}},"3":{"start":{"line":34,"column":2},"end":{"line":36,"column":6}},"4":{"start":{"line":40,"column":0},"end":{"line":42,"column":3}},"5":{"start":{"line":41,"column":2},"end":{"line":41,"column":11}},"6":{"start":{"line":44,"column":0},"end":{"line":44,"column":23}}},"fnMap":{"0":{"name":"(anonymous_0)","decl":{"start":{"line":40,"column":33},"end":{"line":40,"column":34}},"loc":{"start":{"line":40,"column":41},"end":{"line":42,"column":1}},"line":40}},"branchMap":{"0":{"loc":{"start":{"line":33,"column":0},"end":{"line":37,"column":1}},"type":"if","locations":[{"start":{"line":33,"column":0},"end":{"line":37,"column":1}},{"start":{"line":33,"column":0},"end":{"line":37,"column":1}}],"line":33},"1":{"loc":{"start":{"line":33,"column":4},"end":{"line":33,"column":76}},"type":"binary-expr","locations":[{"start":{"line":33,"column":4},"end":{"line":33,"column":41}},{"start":{"line":33,"column":45},"end":{"line":33,"column":76}}],"line":33}},"s":{"0":1,"1":1,"2":1,"3":0,"4":1,"5":0,"6":1},"f":{"0":0},"b":{"0":[0,1],"1":[1,1]},"_coverageSchema":"43e27e138ebf9cfc5966b082cf9a028302ed4184","hash":"78149ca90a3f26ade5005edcac617221863faf92"}
,"C:\\Dev\\Projects\\movierental-api\\src\\startup\\routes.js": {"path":"C:\\Dev\\Projects\\movierental-api\\src\\startup\\routes.js","statementMap":{"0":{"start":{"line":1,"column":16},"end":{"line":1,"column":34}},"1":{"start":{"line":2,"column":13},"end":{"line":2,"column":28}},"2":{"start":{"line":3,"column":20},"end":{"line":3,"column":46}},"3":{"start":{"line":4,"column":23},"end":{"line":4,"column":52}},"4":{"start":{"line":5,"column":20},"end":{"line":5,"column":46}},"5":{"start":{"line":6,"column":21},"end":{"line":6,"column":48}},"6":{"start":{"line":7,"column":19},"end":{"line":7,"column":44}},"7":{"start":{"line":8,"column":19},"end":{"line":8,"column":44}},"8":{"start":{"line":9,"column":22},"end":{"line":9,"column":50}},"9":{"start":{"line":10,"column":14},"end":{"line":10,"column":45}},"10":{"start":{"line":12,"column":0},"end":{"line":24,"column":1}},"11":{"start":{"line":14,"column":2},"end":{"line":14,"column":26}},"12":{"start":{"line":15,"column":2},"end":{"line":15,"column":61}},"13":{"start":{"line":16,"column":2},"end":{"line":16,"column":38}},"14":{"start":{"line":17,"column":2},"end":{"line":17,"column":44}},"15":{"start":{"line":18,"column":2},"end":{"line":18,"column":38}},"16":{"start":{"line":19,"column":2},"end":{"line":19,"column":40}},"17":{"start":{"line":20,"column":2},"end":{"line":20,"column":36}},"18":{"start":{"line":21,"column":2},"end":{"line":21,"column":35}},"19":{"start":{"line":22,"column":2},"end":{"line":22,"column":30}},"20":{"start":{"line":23,"column":2},"end":{"line":23,"column":17}}},"fnMap":{"0":{"name":"(anonymous_0)","decl":{"start":{"line":12,"column":17},"end":{"line":12,"column":18}},"loc":{"start":{"line":12,"column":32},"end":{"line":24,"column":1}},"line":12}},"branchMap":{},"s":{"0":1,"1":1,"2":1,"3":1,"4":1,"5":1,"6":1,"7":1,"8":1,"9":1,"10":1,"11":1,"12":1,"13":1,"14":1,"15":1,"16":1,"17":1,"18":1,"19":1,"20":1},"f":{"0":1},"b":{},"_coverageSchema":"43e27e138ebf9cfc5966b082cf9a028302ed4184","hash":"a928263b9da91616ac7e6b7760a37082529f2ba5"}
}
