TN:
SF:C:\Dev\Projects\movierental-api\src\common\error.js
FN:1,(anonymous_0)
FNF:1
FNH:0
FNDA:0,(anonymous_0)
DA:1,1
DA:2,0
LF:2
LH:1
BRF:0
BRH:0
end_of_record
TN:
SF:C:\Dev\Projects\movierental-api\src\middlewares\admin.js
FN:1,(anonymous_0)
FNF:1
FNH:0
FNDA:0,(anonymous_0)
DA:1,1
DA:2,0
DA:3,0
DA:8,0
LF:4
LH:1
BRDA:2,0,0,0
BRDA:2,0,1,0
BRF:2
BRH:0
end_of_record
TN:
SF:C:\Dev\Projects\movierental-api\src\middlewares\auth.js
FN:4,auth
FNF:1
FNH:1
FNDA:4,auth
DA:1,1
DA:2,1
DA:4,1
DA:5,4
DA:6,4
DA:7,1
DA:9,3
DA:10,3
DA:11,3
LF:9
LH:9
BRDA:6,0,0,1
BRDA:6,0,1,3
BRF:2
BRH:2
end_of_record
TN:
SF:C:\Dev\Projects\movierental-api\src\middlewares\error.js
FN:4,(anonymous_0)
FNF:1
FNH:1
FNDA:4,(anonymous_0)
DA:1,1
DA:4,1
DA:6,4
DA:7,4
DA:8,2
DA:13,2
DA:14,1
DA:19,1
DA:20,1
DA:25,0
LF:10
LH:9
BRDA:7,0,0,2
BRDA:7,0,1,2
BRDA:7,1,0,4
BRDA:7,1,1,4
BRDA:13,2,0,1
BRDA:13,2,1,1
BRDA:19,3,0,1
BRDA:19,3,1,0
BRF:8
BRH:7
end_of_record
TN:
SF:C:\Dev\Projects\movierental-api\src\middlewares\validateObjectId.js
FN:3,(anonymous_0)
FNF:1
FNH:1
FNDA:2,(anonymous_0)
DA:1,1
DA:3,1
DA:4,2
DA:5,1
DA:7,1
LF:5
LH:5
BRDA:4,0,0,1
BRDA:4,0,1,1
BRF:2
BRH:2
end_of_record
TN:
SF:C:\Dev\Projects\movierental-api\src\models\customer.js
FN:25,(anonymous_0)
FNF:1
FNH:0
FNDA:0,(anonymous_0)
DA:1,1
DA:2,1
DA:4,1
DA:23,1
DA:25,1
DA:26,0
DA:31,0
DA:34,1
LF:8
LH:6
BRF:0
BRH:0
end_of_record
TN:
SF:C:\Dev\Projects\movierental-api\src\models\genre.js
FN:18,(anonymous_0)
FNF:1
FNH:1
FNDA:3,(anonymous_0)
DA:1,1
DA:2,1
DA:5,1
DA:15,1
DA:18,1
DA:19,3
DA:22,3
DA:25,1
LF:8
LH:8
BRF:0
BRH:0
end_of_record
TN:
SF:C:\Dev\Projects\movierental-api\src\models\movie.js
FN:37,(anonymous_0)
FNF:1
FNH:0
FNDA:0,(anonymous_0)
DA:1,1
DA:2,1
DA:5,1
DA:8,1
DA:35,1
DA:37,1
DA:38,0
DA:44,0
DA:47,1
LF:9
LH:7
BRF:0
BRH:0
end_of_record
TN:
SF:C:\Dev\Projects\movierental-api\src\models\rental.js
FN:65,(anonymous_0)
FNF:1
FNH:0
FNDA:0,(anonymous_0)
DA:1,1
DA:2,1
DA:5,1
DA:24,1
DA:40,1
DA:63,1
DA:65,1
DA:66,0
DA:70,0
DA:73,1
LF:10
LH:8
BRF:0
BRH:0
end_of_record
TN:
SF:C:\Dev\Projects\movierental-api\src\models\user.js
FN:32,(anonymous_0)
FN:43,(anonymous_1)
FNF:2
FNH:1
FNDA:5,(anonymous_0)
FNDA:0,(anonymous_1)
DA:1,2
DA:2,2
DA:3,2
DA:4,2
DA:6,2
DA:32,2
DA:33,5
DA:37,5
DA:40,2
DA:43,2
DA:44,0
DA:50,0
DA:53,2
LF:13
LH:11
BRF:0
BRH:0
end_of_record
TN:
SF:C:\Dev\Projects\movierental-api\src\routes\auth.js
FN:17,(anonymous_0)
FN:62,validate
FNF:2
FNH:0
FNDA:0,(anonymous_0)
FNDA:0,validate
DA:1,1
DA:2,1
DA:3,1
DA:4,1
DA:8,1
DA:11,1
DA:13,1
DA:17,1
DA:19,0
DA:20,0
DA:21,0
DA:30,0
DA:31,0
DA:32,0
DA:36,0
DA:41,0
DA:42,0
DA:47,0
DA:48,0
DA:49,0
DA:57,0
DA:59,0
DA:63,0
DA:74,0
DA:77,1
LF:25
LH:9
BRDA:20,0,0,0
BRDA:20,0,1,0
BRDA:41,1,0,0
BRDA:41,1,1,0
BRDA:48,2,0,0
BRDA:48,2,1,0
BRF:6
BRH:0
end_of_record
TN:
SF:C:\Dev\Projects\movierental-api\src\routes\customer.js
FN:14,(anonymous_0)
FN:26,(anonymous_1)
FN:41,(anonymous_2)
FN:66,(anonymous_3)
FN:92,(anonymous_4)
FNF:5
FNH:0
FNDA:0,(anonymous_0)
FNDA:0,(anonymous_1)
FNDA:0,(anonymous_2)
FNDA:0,(anonymous_3)
FNDA:0,(anonymous_4)
DA:1,1
DA:5,1
DA:8,1
DA:10,1
DA:14,1
DA:15,0
DA:16,0
DA:17,0
DA:19,0
DA:22,0
DA:26,1
DA:27,0
DA:28,0
DA:29,0
DA:31,0
DA:34,0
DA:35,0
DA:37,0
DA:41,1
DA:43,0
DA:44,0
DA:45,0
DA:49,0
DA:55,0
DA:56,0
DA:57,0
DA:59,0
DA:62,0
DA:66,1
DA:68,0
DA:69,0
DA:70,0
DA:74,0
DA:75,0
DA:76,0
DA:82,0
DA:84,0
DA:85,0
DA:88,0
DA:92,1
DA:93,0
DA:94,0
DA:95,0
DA:98,0
DA:101,0
DA:104,0
DA:108,1
LF:47
LH:10
BRDA:34,0,0,0
BRDA:34,0,1,0
BRDA:44,1,0,0
BRDA:44,1,1,0
BRDA:69,2,0,0
BRDA:69,2,1,0
BRDA:84,3,0,0
BRDA:84,3,1,0
BRDA:101,4,0,0
BRDA:101,4,1,0
BRF:10
BRH:0
end_of_record
TN:
SF:C:\Dev\Projects\movierental-api\src\routes\default.js
FN:5,(anonymous_0)
FN:11,(anonymous_1)
FN:17,(anonymous_2)
FN:23,(anonymous_3)
FNF:4
FNH:0
FNDA:0,(anonymous_0)
FNDA:0,(anonymous_1)
FNDA:0,(anonymous_2)
FNDA:0,(anonymous_3)
DA:1,1
DA:3,1
DA:5,1
DA:6,0
DA:11,1
DA:12,0
DA:17,1
DA:18,0
DA:23,1
DA:24,0
DA:29,1
LF:11
LH:7
BRF:0
BRH:0
end_of_record
TN:
SF:C:\Dev\Projects\movierental-api\src\routes\genre.js
FN:19,(anonymous_0)
FN:25,(anonymous_1)
FN:34,(anonymous_2)
FN:52,(anonymous_3)
FN:74,(anonymous_4)
FNF:5
FNH:3
FNDA:1,(anonymous_0)
FNDA:1,(anonymous_1)
FNDA:3,(anonymous_2)
FNDA:0,(anonymous_3)
FNDA:0,(anonymous_4)
DA:1,1
DA:2,1
DA:3,1
DA:4,1
DA:9,1
DA:13,1
DA:15,1
DA:19,1
DA:20,1
DA:21,1
DA:25,1
DA:26,1
DA:27,1
DA:28,0
DA:30,1
DA:34,1
DA:36,3
DA:38,3
DA:39,2
DA:43,1
DA:47,1
DA:48,1
DA:52,1
DA:54,0
DA:55,0
DA:56,0
DA:59,0
DA:67,0
DA:70,0
DA:74,1
DA:75,0
DA:76,0
DA:77,0
DA:79,0
DA:82,0
DA:85,0
DA:88,1
LF:37
LH:24
BRDA:27,0,0,0
BRDA:27,0,1,1
BRDA:38,1,0,2
BRDA:38,1,1,1
BRDA:55,2,0,0
BRDA:55,2,1,0
BRDA:67,3,0,0
BRDA:67,3,1,0
BRDA:82,4,0,0
BRDA:82,4,1,0
BRF:10
BRH:3
end_of_record
TN:
SF:C:\Dev\Projects\movierental-api\src\routes\movie.js
FN:17,(anonymous_0)
FN:29,(anonymous_1)
FN:44,(anonymous_2)
FN:82,(anonymous_3)
FN:123,(anonymous_4)
FNF:5
FNH:0
FNDA:0,(anonymous_0)
FNDA:0,(anonymous_1)
FNDA:0,(anonymous_2)
FNDA:0,(anonymous_3)
FNDA:0,(anonymous_4)
DA:1,1
DA:5,1
DA:8,1
DA:11,1
DA:13,1
DA:17,1
DA:18,0
DA:19,0
DA:20,0
DA:22,0
DA:25,0
DA:29,1
DA:30,0
DA:31,0
DA:32,0
DA:34,0
DA:37,0
DA:38,0
DA:40,0
DA:44,1
DA:46,0
DA:47,0
DA:48,0
DA:51,0
DA:52,0
DA:53,0
DA:55,0
DA:58,0
DA:61,0
DA:71,0
DA:72,0
DA:73,0
DA:75,0
DA:78,0
DA:82,1
DA:84,0
DA:85,0
DA:86,0
DA:90,0
DA:91,0
DA:92,0
DA:94,0
DA:97,0
DA:99,0
DA:100,0
DA:101,0
DA:113,0
DA:115,0
DA:116,0
DA:119,0
DA:123,1
DA:124,0
DA:125,0
DA:126,0
DA:129,0
DA:132,0
DA:135,0
DA:139,1
LF:58
LH:11
BRDA:37,0,0,0
BRDA:37,0,1,0
BRDA:47,1,0,0
BRDA:47,1,1,0
BRDA:58,2,0,0
BRDA:58,2,1,0
BRDA:85,3,0,0
BRDA:85,3,1,0
BRDA:97,4,0,0
BRDA:97,4,1,0
BRDA:115,5,0,0
BRDA:115,5,1,0
BRDA:132,6,0,0
BRDA:132,6,1,0
BRF:14
BRH:0
end_of_record
TN:
SF:C:\Dev\Projects\movierental-api\src\routes\rental.js
FN:23,(anonymous_0)
FN:35,(anonymous_1)
FNF:2
FNH:0
FNDA:0,(anonymous_0)
FNDA:0,(anonymous_1)
DA:1,1
DA:5,1
DA:8,1
DA:11,1
DA:14,1
DA:15,1
DA:16,1
DA:17,1
DA:19,1
DA:23,1
DA:24,0
DA:25,0
DA:26,0
DA:28,0
DA:31,0
DA:35,1
DA:37,0
DA:38,0
DA:39,0
DA:47,0
DA:48,0
DA:49,0
DA:51,0
DA:53,0
DA:54,0
DA:57,0
DA:58,0
DA:59,0
DA:61,0
DA:63,0
DA:66,0
DA:67,0
DA:70,0
DA:93,0
DA:94,0
DA:104,0
DA:106,0
DA:111,1
LF:38
LH:12
BRDA:38,0,0,0
BRDA:38,0,1,0
BRDA:53,1,0,0
BRDA:53,1,1,0
BRDA:63,2,0,0
BRDA:63,2,1,0
BRDA:66,3,0,0
BRDA:66,3,1,0
BRF:8
BRH:0
end_of_record
TN:
SF:C:\Dev\Projects\movierental-api\src\routes\user.js
FN:15,(anonymous_0)
FN:20,(anonymous_1)
FNF:2
FNH:0
FNDA:0,(anonymous_0)
FNDA:0,(anonymous_1)
DA:1,1
DA:2,1
DA:3,1
DA:4,1
DA:7,1
DA:11,1
DA:13,1
DA:15,1
DA:16,0
DA:17,0
DA:20,1
DA:22,0
DA:23,0
DA:24,0
DA:33,0
DA:34,0
DA:35,0
DA:39,0
DA:44,0
DA:45,0
DA:50,0
DA:51,0
DA:53,0
DA:54,0
DA:56,0
DA:61,0
DA:63,0
DA:66,1
LF:28
LH:10
BRDA:23,0,0,0
BRDA:23,0,1,0
BRDA:44,1,0,0
BRDA:44,1,1,0
BRF:4
BRH:0
end_of_record
TN:
SF:C:\Dev\Projects\movierental-api\src\startup\config.js
FN:3,(anonymous_0)
FNF:1
FNH:1
FNDA:1,(anonymous_0)
DA:1,1
DA:3,1
DA:4,1
DA:5,0
LF:4
LH:3
BRDA:4,0,0,0
BRDA:4,0,1,1
BRF:2
BRH:1
end_of_record
TN:
SF:C:\Dev\Projects\movierental-api\src\startup\db.js
FN:5,(anonymous_0)
FN:11,(anonymous_1)
FN:14,(anonymous_2)
FNF:3
FNH:2
FNDA:1,(anonymous_0)
FNDA:1,(anonymous_1)
FNDA:0,(anonymous_2)
DA:1,1
DA:2,1
DA:3,1
DA:5,1
DA:6,1
DA:7,1
DA:12,1
DA:15,0
DA:16,0
LF:9
LH:7
BRF:0
BRH:0
end_of_record
TN:
SF:C:\Dev\Projects\movierental-api\src\startup\index.js
FNF:0
FNH:0
DA:1,1
DA:2,1
DA:4,1
DA:5,1
DA:6,1
DA:7,1
DA:8,1
DA:11,1
LF:8
LH:8
BRF:0
BRH:0
end_of_record
TN:
SF:C:\Dev\Projects\movierental-api\src\startup\logger.js
FN:40,(anonymous_0)
FNF:1
FNH:0
FNDA:0,(anonymous_0)
DA:1,1
DA:3,1
DA:33,1
DA:34,0
DA:40,1
DA:41,0
DA:44,1
LF:7
LH:5
BRDA:33,0,0,0
BRDA:33,0,1,1
BRDA:33,1,0,1
BRDA:33,1,1,1
BRF:4
BRH:3
end_of_record
TN:
SF:C:\Dev\Projects\movierental-api\src\startup\routes.js
FN:12,(anonymous_0)
FNF:1
FNH:1
FNDA:1,(anonymous_0)
DA:1,1
DA:2,1
DA:3,1
DA:4,1
DA:5,1
DA:6,1
DA:7,1
DA:8,1
DA:9,1
DA:10,1
DA:12,1
DA:14,1
DA:15,1
DA:16,1
DA:17,1
DA:18,1
DA:19,1
DA:20,1
DA:21,1
DA:22,1
DA:23,1
LF:21
LH:21
BRF:0
BRH:0
end_of_record
